<?xml version="1.0" encoding="UTF-8"?>
<!-- Generated by org.testng.reporters.JUnitXMLReporter -->
<testsuite hostname="TYSS-Mohammad" ignored="2" name="Command line test" tests="12" failures="0" timestamp="08 Jan 2022 13:21:01 GMT" time="10.874" errors="0">
  <testcase name="createOrg" time="0.001" classname="com.crm.vtiger.CreateOrgTest"/>
  <testcase name="createOrgWithIndustry" time="0.0" classname="com.crm.vtiger.CreateOrgTest"/>
  <testcase name="createOrgWithRating" time="0.001" classname="com.crm.vtiger.CreateOrgTest"/>
  <testcase name="createOrg" time="0.0" classname="com.crm.vtiger.dataProvider.CreateOrgTest"/>
  <testcase name="createOrgWithIndustry" time="0.001" classname="com.crm.vtiger.dataProvider.CreateOrgTest"/>
  <testcase name="createOrgWithRating" time="0.0" classname="com.crm.vtiger.dataProvider.CreateOrgTest"/>
  <testcase name="ticketBooking" time="0.0" classname="com.crm.vtiger.dataProvider.DataProviderDemoTest"/>
  <testcase name="ticketBooking" time="0.0" classname="com.crm.vtiger.dataProvider.DataProviderDemoTest"/>
  <testcase name="ticketBooking" time="0.001" classname="com.crm.vtiger.dataProvider.DataProviderDemoTest"/>
  <testcase name="ticketBooking" time="0.0" classname="com.crm.vtiger.dataProvider.DataProviderDemoTest"/>
  <testcase name="ticketBooking" time="0.0" classname="com.crm.vtiger.dataProvider.DataProviderDemoTest"/>
  <testcase name="ReadLoginDetailsFromPropertyFile" time="6.032" classname="com.crm.vtiger.LoginToVtigerTest"/>
  <testcase name="@AfterSuite configAS" time="0.0" classname="com.crm.vtiger.genericFileUtilities.BaseClass">
    <ignored/>
  </testcase> <!-- @AfterSuite configAS -->
  <testcase name="@BeforeSuite configBS" time="0.0" classname="com.crm.vtiger.genericFileUtilities.BaseClass">
    <ignored/>
  </testcase> <!-- @BeforeSuite configBS -->
</testsuite> <!-- Command line test -->
